Determining if the pthread_create exist failed with the following output:
Change Dir: /home/paul/Yumi_WS/src/cmake-build-debug/CMakeFiles/CMakeTmp

Run Build Command(s):/usr/bin/make cmTC_4d5cc/fast 
/usr/bin/make -f CMakeFiles/cmTC_4d5cc.dir/build.make CMakeFiles/cmTC_4d5cc.dir/build
make[1]: Entering directory '/home/paul/Yumi_WS/src/cmake-build-debug/CMakeFiles/CMakeTmp'
Building C object CMakeFiles/cmTC_4d5cc.dir/CheckSymbolExists.c.o
/usr/bin/cc    -o CMakeFiles/cmTC_4d5cc.dir/CheckSymbolExists.c.o   -c /home/paul/Yumi_WS/src/cmake-build-debug/CMakeFiles/CMakeTmp/CheckSymbolExists.c
Linking C executable cmTC_4d5cc
/opt/clion-2019.1.4/bin/cmake/linux/bin/cmake -E cmake_link_script CMakeFiles/cmTC_4d5cc.dir/link.txt --verbose=1
/usr/bin/cc      -rdynamic CMakeFiles/cmTC_4d5cc.dir/CheckSymbolExists.c.o  -o cmTC_4d5cc 
CMakeFiles/cmTC_4d5cc.dir/CheckSymbolExists.c.o: In function `main':
CheckSymbolExists.c:(.text+0x16): undefined reference to `pthread_create'
collect2: error: ld returned 1 exit status
CMakeFiles/cmTC_4d5cc.dir/build.make:86: recipe for target 'cmTC_4d5cc' failed
make[1]: *** [cmTC_4d5cc] Error 1
make[1]: Leaving directory '/home/paul/Yumi_WS/src/cmake-build-debug/CMakeFiles/CMakeTmp'
Makefile:121: recipe for target 'cmTC_4d5cc/fast' failed
make: *** [cmTC_4d5cc/fast] Error 2

File /home/paul/Yumi_WS/src/cmake-build-debug/CMakeFiles/CMakeTmp/CheckSymbolExists.c:
/* */
#include <pthread.h>

int main(int argc, char** argv)
{
  (void)argv;
#ifndef pthread_create
  return ((int*)(&pthread_create))[argc];
#else
  (void)argc;
  return 0;
#endif
}

Determining if the function pthread_create exists in the pthreads failed with the following output:
Change Dir: /home/paul/Yumi_WS/src/cmake-build-debug/CMakeFiles/CMakeTmp

Run Build Command(s):/usr/bin/make cmTC_076b9/fast 
/usr/bin/make -f CMakeFiles/cmTC_076b9.dir/build.make CMakeFiles/cmTC_076b9.dir/build
make[1]: Entering directory '/home/paul/Yumi_WS/src/cmake-build-debug/CMakeFiles/CMakeTmp'
Building C object CMakeFiles/cmTC_076b9.dir/CheckFunctionExists.c.o
/usr/bin/cc   -DCHECK_FUNCTION_EXISTS=pthread_create   -o CMakeFiles/cmTC_076b9.dir/CheckFunctionExists.c.o   -c /opt/clion-2019.1.4/bin/cmake/linux/share/cmake-3.14/Modules/CheckFunctionExists.c
Linking C executable cmTC_076b9
/opt/clion-2019.1.4/bin/cmake/linux/bin/cmake -E cmake_link_script CMakeFiles/cmTC_076b9.dir/link.txt --verbose=1
/usr/bin/cc  -DCHECK_FUNCTION_EXISTS=pthread_create    -rdynamic CMakeFiles/cmTC_076b9.dir/CheckFunctionExists.c.o  -o cmTC_076b9 -lpthreads 
/usr/bin/ld: cannot find -lpthreads
collect2: error: ld returned 1 exit status
CMakeFiles/cmTC_076b9.dir/build.make:86: recipe for target 'cmTC_076b9' failed
make[1]: *** [cmTC_076b9] Error 1
make[1]: Leaving directory '/home/paul/Yumi_WS/src/cmake-build-debug/CMakeFiles/CMakeTmp'
Makefile:121: recipe for target 'cmTC_076b9/fast' failed
make: *** [cmTC_076b9/fast] Error 2


